2024-04-27 10:58:38,846 INFO    StreamThr :16052 [internal.py:wandb_internal():86] W&B internal server running at pid: 16052, started at: 2024-04-27 10:58:38.844813
2024-04-27 10:58:38,849 DEBUG   HandlerThread:16052 [handler.py:handle_request():146] handle_request: status
2024-04-27 10:58:38,854 INFO    WriterThread:16052 [datastore.py:open_for_write():87] open: E:\Codes\Projects\Introduction-to-Artificial-Intelligence\Classification\src\wandb\run-20240427_105838-62cio6c3\run-62cio6c3.wandb
2024-04-27 10:58:38,857 DEBUG   SenderThread:16052 [sender.py:send():379] send: header
2024-04-27 10:58:38,922 DEBUG   SenderThread:16052 [sender.py:send():379] send: run
2024-04-27 10:58:39,938 INFO    SenderThread:16052 [dir_watcher.py:__init__():211] watching files in: E:\Codes\Projects\Introduction-to-Artificial-Intelligence\Classification\src\wandb\run-20240427_105838-62cio6c3\files
2024-04-27 10:58:39,938 INFO    SenderThread:16052 [sender.py:_start_run_threads():1124] run started: 62cio6c3 with start time 1714186718.834841
2024-04-27 10:58:39,946 DEBUG   HandlerThread:16052 [handler.py:handle_request():146] handle_request: check_version
2024-04-27 10:58:39,947 DEBUG   SenderThread:16052 [sender.py:send_request():406] send_request: check_version
2024-04-27 10:58:40,540 DEBUG   HandlerThread:16052 [handler.py:handle_request():146] handle_request: run_start
2024-04-27 10:58:40,566 DEBUG   HandlerThread:16052 [system_info.py:__init__():26] System info init
2024-04-27 10:58:40,566 DEBUG   HandlerThread:16052 [system_info.py:__init__():41] System info init done
2024-04-27 10:58:40,566 INFO    HandlerThread:16052 [system_monitor.py:start():194] Starting system monitor
2024-04-27 10:58:40,567 INFO    SystemMonitor:16052 [system_monitor.py:_start():158] Starting system asset monitoring threads
2024-04-27 10:58:40,567 INFO    HandlerThread:16052 [system_monitor.py:probe():214] Collecting system info
2024-04-27 10:58:40,589 DEBUG   HandlerThread:16052 [system_info.py:probe():150] Probing system
2024-04-27 10:58:40,594 DEBUG   HandlerThread:16052 [system_info.py:_probe_git():135] Probing git
2024-04-27 10:58:40,602 INFO    SystemMonitor:16052 [interfaces.py:start():190] Started cpu monitoring
2024-04-27 10:58:40,614 INFO    SystemMonitor:16052 [interfaces.py:start():190] Started disk monitoring
2024-04-27 10:58:40,645 INFO    SystemMonitor:16052 [interfaces.py:start():190] Started memory monitoring
2024-04-27 10:58:40,685 INFO    SystemMonitor:16052 [interfaces.py:start():190] Started network monitoring
2024-04-27 10:58:40,749 DEBUG   HandlerThread:16052 [system_info.py:_probe_git():143] Probing git done
2024-04-27 10:58:40,749 DEBUG   HandlerThread:16052 [system_info.py:probe():198] Probing system done
2024-04-27 10:58:40,749 DEBUG   HandlerThread:16052 [system_monitor.py:probe():223] {'os': 'Windows-11-10.0.22631-SP0', 'python': '3.12.0', 'heartbeatAt': '2024-04-27T02:58:40.589798', 'startedAt': '2024-04-27T02:58:38.804463', 'docker': None, 'cuda': None, 'args': (), 'state': 'running', 'program': 'E:\\Codes\\Projects\\Introduction-to-Artificial-Intelligence\\Classification\\src\\main.py', 'codePathLocal': 'main.py', 'codePath': 'Classification\\src\\main.py', 'git': {'remote': 'https://github.com/LeverImmy/Introduction-to-Artificial-Intelligence.git', 'commit': '363ff67ba5f644ee7d1335b3b41391ef22b125d3'}, 'email': '506503360@qq.com', 'root': 'E:/Codes/Projects/Introduction-to-Artificial-Intelligence', 'host': 'Worptop', 'username': '50650', 'executable': 'D:\\ProgramFiles\\Python\\Python312\\python.exe', 'cpu_count': 12, 'cpu_count_logical': 16, 'cpu_freq': {'current': 1900.0, 'min': 0.0, 'max': 1900.0}, 'cpu_freq_per_core': [{'current': 1900.0, 'min': 0.0, 'max': 1900.0}], 'disk': {'/': {'total': 149.99999618530273, 'used': 36.022605895996094}}, 'memory': {'total': 15.730705261230469}}
2024-04-27 10:58:40,749 INFO    HandlerThread:16052 [system_monitor.py:probe():224] Finished collecting system info
2024-04-27 10:58:40,749 INFO    HandlerThread:16052 [system_monitor.py:probe():227] Publishing system info
2024-04-27 10:58:40,751 INFO    HandlerThread:16052 [system_monitor.py:probe():229] Finished publishing system info
2024-04-27 10:58:40,760 DEBUG   SenderThread:16052 [sender.py:send():379] send: files
2024-04-27 10:58:40,760 INFO    SenderThread:16052 [sender.py:_save_file():1390] saving file wandb-metadata.json with policy now
2024-04-27 10:58:40,947 INFO    Thread-16 :16052 [dir_watcher.py:_on_file_created():271] file/dir created: E:\Codes\Projects\Introduction-to-Artificial-Intelligence\Classification\src\wandb\run-20240427_105838-62cio6c3\files\wandb-metadata.json
2024-04-27 10:58:40,962 DEBUG   HandlerThread:16052 [handler.py:handle_request():146] handle_request: python_packages
2024-04-27 10:58:40,962 DEBUG   SenderThread:16052 [sender.py:send_request():406] send_request: python_packages
2024-04-27 10:58:40,963 DEBUG   HandlerThread:16052 [handler.py:handle_request():146] handle_request: stop_status
2024-04-27 10:58:40,963 DEBUG   SenderThread:16052 [sender.py:send_request():406] send_request: stop_status
2024-04-27 10:58:40,965 DEBUG   HandlerThread:16052 [handler.py:handle_request():146] handle_request: internal_messages
2024-04-27 10:58:41,765 DEBUG   SenderThread:16052 [sender.py:send():379] send: telemetry
2024-04-27 10:58:41,955 INFO    Thread-16 :16052 [dir_watcher.py:_on_file_created():271] file/dir created: E:\Codes\Projects\Introduction-to-Artificial-Intelligence\Classification\src\wandb\run-20240427_105838-62cio6c3\files\output.log
2024-04-27 10:58:41,955 INFO    Thread-16 :16052 [dir_watcher.py:_on_file_created():271] file/dir created: E:\Codes\Projects\Introduction-to-Artificial-Intelligence\Classification\src\wandb\run-20240427_105838-62cio6c3\files\requirements.txt
2024-04-27 10:58:43,309 INFO    wandb-upload_0:16052 [upload_job.py:push():131] Uploaded file C:\Users\50650\AppData\Local\Temp\tmp2exchaanwandb\o2oe4zgp-wandb-metadata.json
2024-04-27 10:58:43,987 INFO    Thread-16 :16052 [dir_watcher.py:_on_file_modified():288] file/dir modified: E:\Codes\Projects\Introduction-to-Artificial-Intelligence\Classification\src\wandb\run-20240427_105838-62cio6c3\files\output.log
2024-04-27 10:58:44,798 DEBUG   HandlerThread:16052 [handler.py:handle_request():146] handle_request: status_report
2024-04-27 10:58:49,873 DEBUG   HandlerThread:16052 [handler.py:handle_request():146] handle_request: status_report
2024-04-27 10:58:54,902 DEBUG   HandlerThread:16052 [handler.py:handle_request():146] handle_request: status_report
2024-04-27 10:58:55,957 DEBUG   HandlerThread:16052 [handler.py:handle_request():146] handle_request: stop_status
2024-04-27 10:58:55,958 DEBUG   SenderThread:16052 [sender.py:send_request():406] send_request: stop_status
2024-04-27 10:58:55,973 DEBUG   HandlerThread:16052 [handler.py:handle_request():146] handle_request: internal_messages
2024-04-27 10:59:00,348 DEBUG   HandlerThread:16052 [handler.py:handle_request():146] handle_request: status_report
2024-04-27 10:59:05,427 DEBUG   HandlerThread:16052 [handler.py:handle_request():146] handle_request: status_report
2024-04-27 10:59:10,517 DEBUG   HandlerThread:16052 [handler.py:handle_request():146] handle_request: status_report
2024-04-27 10:59:10,979 DEBUG   HandlerThread:16052 [handler.py:handle_request():146] handle_request: stop_status
2024-04-27 10:59:10,979 DEBUG   SenderThread:16052 [sender.py:send_request():406] send_request: stop_status
2024-04-27 10:59:10,981 DEBUG   HandlerThread:16052 [handler.py:handle_request():146] handle_request: internal_messages
2024-04-27 10:59:11,358 INFO    Thread-16 :16052 [dir_watcher.py:_on_file_modified():288] file/dir modified: E:\Codes\Projects\Introduction-to-Artificial-Intelligence\Classification\src\wandb\run-20240427_105838-62cio6c3\files\config.yaml
2024-04-27 10:59:16,378 DEBUG   HandlerThread:16052 [handler.py:handle_request():146] handle_request: status_report
2024-04-27 10:59:21,568 DEBUG   HandlerThread:16052 [handler.py:handle_request():146] handle_request: status_report
2024-04-27 10:59:25,974 DEBUG   HandlerThread:16052 [handler.py:handle_request():146] handle_request: stop_status
2024-04-27 10:59:25,975 DEBUG   SenderThread:16052 [sender.py:send_request():406] send_request: stop_status
2024-04-27 10:59:25,990 DEBUG   HandlerThread:16052 [handler.py:handle_request():146] handle_request: internal_messages
2024-04-27 10:59:27,330 DEBUG   HandlerThread:16052 [handler.py:handle_request():146] handle_request: status_report
2024-04-27 10:59:32,382 DEBUG   HandlerThread:16052 [handler.py:handle_request():146] handle_request: status_report
2024-04-27 10:59:37,436 DEBUG   HandlerThread:16052 [handler.py:handle_request():146] handle_request: status_report
2024-04-27 10:59:39,352 DEBUG   HandlerThread:16052 [handler.py:handle_request():146] handle_request: partial_history
2024-04-27 10:59:39,355 DEBUG   SenderThread:16052 [sender.py:send():379] send: history
2024-04-27 10:59:39,356 DEBUG   SenderThread:16052 [sender.py:send_request():406] send_request: summary_record
2024-04-27 10:59:39,364 INFO    SenderThread:16052 [sender.py:_save_file():1390] saving file wandb-summary.json with policy end
2024-04-27 10:59:39,869 INFO    Thread-16 :16052 [dir_watcher.py:_on_file_modified():288] file/dir modified: E:\Codes\Projects\Introduction-to-Artificial-Intelligence\Classification\src\wandb\run-20240427_105838-62cio6c3\files\output.log
2024-04-27 10:59:39,869 INFO    Thread-16 :16052 [dir_watcher.py:_on_file_created():271] file/dir created: E:\Codes\Projects\Introduction-to-Artificial-Intelligence\Classification\src\wandb\run-20240427_105838-62cio6c3\files\wandb-summary.json
2024-04-27 10:59:40,692 DEBUG   SystemMonitor:16052 [system_monitor.py:_start():172] Starting system metrics aggregation loop
2024-04-27 10:59:40,693 DEBUG   SenderThread:16052 [sender.py:send():379] send: stats
2024-04-27 10:59:40,988 DEBUG   HandlerThread:16052 [handler.py:handle_request():146] handle_request: stop_status
2024-04-27 10:59:40,989 DEBUG   SenderThread:16052 [sender.py:send_request():406] send_request: stop_status
2024-04-27 10:59:41,003 DEBUG   HandlerThread:16052 [handler.py:handle_request():146] handle_request: internal_messages
2024-04-27 10:59:41,889 INFO    Thread-16 :16052 [dir_watcher.py:_on_file_modified():288] file/dir modified: E:\Codes\Projects\Introduction-to-Artificial-Intelligence\Classification\src\wandb\run-20240427_105838-62cio6c3\files\output.log
2024-04-27 10:59:43,287 DEBUG   HandlerThread:16052 [handler.py:handle_request():146] handle_request: status_report
2024-04-27 10:59:48,362 DEBUG   HandlerThread:16052 [handler.py:handle_request():146] handle_request: status_report
2024-04-27 10:59:53,529 DEBUG   HandlerThread:16052 [handler.py:handle_request():146] handle_request: status_report
2024-04-27 10:59:55,987 DEBUG   HandlerThread:16052 [handler.py:handle_request():146] handle_request: stop_status
2024-04-27 10:59:55,988 DEBUG   SenderThread:16052 [sender.py:send_request():406] send_request: stop_status
2024-04-27 10:59:56,019 DEBUG   HandlerThread:16052 [handler.py:handle_request():146] handle_request: internal_messages
2024-04-27 10:59:59,241 DEBUG   HandlerThread:16052 [handler.py:handle_request():146] handle_request: status_report
2024-04-27 11:00:04,272 DEBUG   HandlerThread:16052 [handler.py:handle_request():146] handle_request: status_report
2024-04-27 11:00:09,328 DEBUG   HandlerThread:16052 [handler.py:handle_request():146] handle_request: status_report
2024-04-27 11:00:10,703 DEBUG   SenderThread:16052 [sender.py:send():379] send: stats
2024-04-27 11:00:10,997 DEBUG   HandlerThread:16052 [handler.py:handle_request():146] handle_request: stop_status
2024-04-27 11:00:10,997 DEBUG   SenderThread:16052 [sender.py:send_request():406] send_request: stop_status
2024-04-27 11:00:11,022 DEBUG   HandlerThread:16052 [handler.py:handle_request():146] handle_request: internal_messages
2024-04-27 11:00:15,326 DEBUG   HandlerThread:16052 [handler.py:handle_request():146] handle_request: status_report
2024-04-27 11:00:20,403 DEBUG   HandlerThread:16052 [handler.py:handle_request():146] handle_request: status_report
2024-04-27 11:00:25,507 DEBUG   HandlerThread:16052 [handler.py:handle_request():146] handle_request: status_report
2024-04-27 11:00:26,010 DEBUG   HandlerThread:16052 [handler.py:handle_request():146] handle_request: stop_status
2024-04-27 11:00:26,010 DEBUG   SenderThread:16052 [sender.py:send_request():406] send_request: stop_status
2024-04-27 11:00:26,026 DEBUG   HandlerThread:16052 [handler.py:handle_request():146] handle_request: internal_messages
2024-04-27 11:00:31,457 DEBUG   HandlerThread:16052 [handler.py:handle_request():146] handle_request: status_report
2024-04-27 11:00:36,493 DEBUG   HandlerThread:16052 [handler.py:handle_request():146] handle_request: status_report
2024-04-27 11:00:40,194 DEBUG   HandlerThread:16052 [handler.py:handle_request():146] handle_request: partial_history
2024-04-27 11:00:40,195 DEBUG   SenderThread:16052 [sender.py:send():379] send: history
2024-04-27 11:00:40,195 DEBUG   SenderThread:16052 [sender.py:send_request():406] send_request: summary_record
2024-04-27 11:00:40,199 INFO    SenderThread:16052 [sender.py:_save_file():1390] saving file wandb-summary.json with policy end
2024-04-27 11:00:40,689 INFO    Thread-16 :16052 [dir_watcher.py:_on_file_modified():288] file/dir modified: E:\Codes\Projects\Introduction-to-Artificial-Intelligence\Classification\src\wandb\run-20240427_105838-62cio6c3\files\wandb-summary.json
2024-04-27 11:00:40,703 DEBUG   SenderThread:16052 [sender.py:send():379] send: stats
2024-04-27 11:00:41,013 DEBUG   HandlerThread:16052 [handler.py:handle_request():146] handle_request: stop_status
2024-04-27 11:00:41,013 DEBUG   SenderThread:16052 [sender.py:send_request():406] send_request: stop_status
2024-04-27 11:00:41,029 DEBUG   HandlerThread:16052 [handler.py:handle_request():146] handle_request: internal_messages
2024-04-27 11:00:41,691 INFO    Thread-16 :16052 [dir_watcher.py:_on_file_modified():288] file/dir modified: E:\Codes\Projects\Introduction-to-Artificial-Intelligence\Classification\src\wandb\run-20240427_105838-62cio6c3\files\output.log
2024-04-27 11:00:42,296 DEBUG   HandlerThread:16052 [handler.py:handle_request():146] handle_request: status_report
2024-04-27 11:00:42,701 INFO    Thread-16 :16052 [dir_watcher.py:_on_file_modified():288] file/dir modified: E:\Codes\Projects\Introduction-to-Artificial-Intelligence\Classification\src\wandb\run-20240427_105838-62cio6c3\files\output.log
2024-04-27 11:00:47,311 DEBUG   HandlerThread:16052 [handler.py:handle_request():146] handle_request: status_report
2024-04-27 11:00:52,371 DEBUG   HandlerThread:16052 [handler.py:handle_request():146] handle_request: status_report
2024-04-27 11:00:56,023 DEBUG   HandlerThread:16052 [handler.py:handle_request():146] handle_request: stop_status
2024-04-27 11:00:56,024 DEBUG   SenderThread:16052 [sender.py:send_request():406] send_request: stop_status
2024-04-27 11:00:56,038 DEBUG   HandlerThread:16052 [handler.py:handle_request():146] handle_request: internal_messages
2024-04-27 11:00:58,356 DEBUG   HandlerThread:16052 [handler.py:handle_request():146] handle_request: status_report
2024-04-27 11:01:03,403 DEBUG   HandlerThread:16052 [handler.py:handle_request():146] handle_request: status_report
2024-04-27 11:01:08,495 DEBUG   HandlerThread:16052 [handler.py:handle_request():146] handle_request: status_report
2024-04-27 11:01:10,713 DEBUG   SenderThread:16052 [sender.py:send():379] send: stats
2024-04-27 11:01:11,031 DEBUG   HandlerThread:16052 [handler.py:handle_request():146] handle_request: stop_status
2024-04-27 11:01:11,031 DEBUG   SenderThread:16052 [sender.py:send_request():406] send_request: stop_status
2024-04-27 11:01:11,079 DEBUG   HandlerThread:16052 [handler.py:handle_request():146] handle_request: internal_messages
2024-04-27 11:01:14,406 DEBUG   HandlerThread:16052 [handler.py:handle_request():146] handle_request: status_report
2024-04-27 11:01:19,566 DEBUG   HandlerThread:16052 [handler.py:handle_request():146] handle_request: status_report
2024-04-27 11:01:24,608 DEBUG   HandlerThread:16052 [handler.py:handle_request():146] handle_request: status_report
2024-04-27 11:01:26,051 DEBUG   HandlerThread:16052 [handler.py:handle_request():146] handle_request: stop_status
2024-04-27 11:01:26,051 DEBUG   SenderThread:16052 [sender.py:send_request():406] send_request: stop_status
2024-04-27 11:01:26,092 DEBUG   HandlerThread:16052 [handler.py:handle_request():146] handle_request: internal_messages
2024-04-27 11:01:30,520 DEBUG   HandlerThread:16052 [handler.py:handle_request():146] handle_request: status_report
2024-04-27 11:01:35,608 DEBUG   HandlerThread:16052 [handler.py:handle_request():146] handle_request: status_report
2024-04-27 11:01:40,647 DEBUG   HandlerThread:16052 [handler.py:handle_request():146] handle_request: status_report
2024-04-27 11:01:40,721 DEBUG   SenderThread:16052 [sender.py:send():379] send: stats
2024-04-27 11:01:41,043 DEBUG   HandlerThread:16052 [handler.py:handle_request():146] handle_request: stop_status
2024-04-27 11:01:41,043 DEBUG   SenderThread:16052 [sender.py:send_request():406] send_request: stop_status
2024-04-27 11:01:41,109 DEBUG   HandlerThread:16052 [handler.py:handle_request():146] handle_request: internal_messages
2024-04-27 11:01:46,503 DEBUG   HandlerThread:16052 [handler.py:handle_request():146] handle_request: status_report
2024-04-27 11:01:51,605 DEBUG   HandlerThread:16052 [handler.py:handle_request():146] handle_request: status_report
2024-04-27 11:01:52,384 DEBUG   HandlerThread:16052 [handler.py:handle_request():146] handle_request: partial_history
2024-04-27 11:01:52,386 DEBUG   SenderThread:16052 [sender.py:send():379] send: history
2024-04-27 11:01:52,386 DEBUG   SenderThread:16052 [sender.py:send_request():406] send_request: summary_record
2024-04-27 11:01:52,392 INFO    SenderThread:16052 [sender.py:_save_file():1390] saving file wandb-summary.json with policy end
2024-04-27 11:01:52,614 INFO    Thread-16 :16052 [dir_watcher.py:_on_file_modified():288] file/dir modified: E:\Codes\Projects\Introduction-to-Artificial-Intelligence\Classification\src\wandb\run-20240427_105838-62cio6c3\files\wandb-summary.json
2024-04-27 11:01:54,630 INFO    Thread-16 :16052 [dir_watcher.py:_on_file_modified():288] file/dir modified: E:\Codes\Projects\Introduction-to-Artificial-Intelligence\Classification\src\wandb\run-20240427_105838-62cio6c3\files\output.log
2024-04-27 11:01:56,057 DEBUG   HandlerThread:16052 [handler.py:handle_request():146] handle_request: stop_status
2024-04-27 11:01:56,057 DEBUG   SenderThread:16052 [sender.py:send_request():406] send_request: stop_status
2024-04-27 11:01:56,110 DEBUG   HandlerThread:16052 [handler.py:handle_request():146] handle_request: internal_messages
2024-04-27 11:01:57,435 DEBUG   HandlerThread:16052 [handler.py:handle_request():146] handle_request: status_report
2024-04-27 11:02:02,480 DEBUG   HandlerThread:16052 [handler.py:handle_request():146] handle_request: status_report
2024-04-27 11:02:07,535 DEBUG   HandlerThread:16052 [handler.py:handle_request():146] handle_request: status_report
2024-04-27 11:02:10,735 DEBUG   SenderThread:16052 [sender.py:send():379] send: stats
2024-04-27 11:02:11,070 DEBUG   HandlerThread:16052 [handler.py:handle_request():146] handle_request: stop_status
2024-04-27 11:02:11,071 DEBUG   SenderThread:16052 [sender.py:send_request():406] send_request: stop_status
2024-04-27 11:02:11,189 DEBUG   HandlerThread:16052 [handler.py:handle_request():146] handle_request: internal_messages
2024-04-27 11:02:13,397 DEBUG   HandlerThread:16052 [handler.py:handle_request():146] handle_request: status_report
2024-04-27 11:02:18,498 DEBUG   HandlerThread:16052 [handler.py:handle_request():146] handle_request: status_report
2024-04-27 11:02:23,533 DEBUG   HandlerThread:16052 [handler.py:handle_request():146] handle_request: status_report
2024-04-27 11:02:26,084 DEBUG   HandlerThread:16052 [handler.py:handle_request():146] handle_request: stop_status
2024-04-27 11:02:26,084 DEBUG   SenderThread:16052 [sender.py:send_request():406] send_request: stop_status
2024-04-27 11:02:26,194 DEBUG   HandlerThread:16052 [handler.py:handle_request():146] handle_request: internal_messages
2024-04-27 11:02:29,491 DEBUG   HandlerThread:16052 [handler.py:handle_request():146] handle_request: status_report
2024-04-27 11:02:34,615 DEBUG   HandlerThread:16052 [handler.py:handle_request():146] handle_request: status_report
2024-04-27 11:02:39,720 DEBUG   HandlerThread:16052 [handler.py:handle_request():146] handle_request: status_report
2024-04-27 11:02:40,762 DEBUG   SenderThread:16052 [sender.py:send():379] send: stats
2024-04-27 11:02:41,082 DEBUG   HandlerThread:16052 [handler.py:handle_request():146] handle_request: stop_status
2024-04-27 11:02:41,082 DEBUG   SenderThread:16052 [sender.py:send_request():406] send_request: stop_status
2024-04-27 11:02:41,218 DEBUG   HandlerThread:16052 [handler.py:handle_request():146] handle_request: internal_messages
2024-04-27 11:02:45,540 DEBUG   HandlerThread:16052 [handler.py:handle_request():146] handle_request: status_report
2024-04-27 11:02:50,591 DEBUG   HandlerThread:16052 [handler.py:handle_request():146] handle_request: status_report
2024-04-27 11:02:55,627 DEBUG   HandlerThread:16052 [handler.py:handle_request():146] handle_request: status_report
2024-04-27 11:02:56,082 DEBUG   HandlerThread:16052 [handler.py:handle_request():146] handle_request: stop_status
2024-04-27 11:02:56,082 DEBUG   SenderThread:16052 [sender.py:send_request():406] send_request: stop_status
2024-04-27 11:02:56,235 DEBUG   HandlerThread:16052 [handler.py:handle_request():146] handle_request: internal_messages
2024-04-27 11:03:01,486 DEBUG   HandlerThread:16052 [handler.py:handle_request():146] handle_request: status_report
2024-04-27 11:03:06,537 DEBUG   HandlerThread:16052 [handler.py:handle_request():146] handle_request: status_report
2024-04-27 11:03:10,763 DEBUG   SenderThread:16052 [sender.py:send():379] send: stats
2024-04-27 11:03:11,091 DEBUG   HandlerThread:16052 [handler.py:handle_request():146] handle_request: stop_status
2024-04-27 11:03:11,092 DEBUG   SenderThread:16052 [sender.py:send_request():406] send_request: stop_status
2024-04-27 11:03:11,254 DEBUG   HandlerThread:16052 [handler.py:handle_request():146] handle_request: internal_messages
2024-04-27 11:03:12,400 DEBUG   HandlerThread:16052 [handler.py:handle_request():146] handle_request: status_report
2024-04-27 11:03:17,458 DEBUG   HandlerThread:16052 [handler.py:handle_request():146] handle_request: status_report
2024-04-27 11:03:18,956 DEBUG   HandlerThread:16052 [handler.py:handle_request():146] handle_request: partial_history
2024-04-27 11:03:18,959 DEBUG   SenderThread:16052 [sender.py:send():379] send: history
2024-04-27 11:03:18,959 DEBUG   SenderThread:16052 [sender.py:send_request():406] send_request: summary_record
2024-04-27 11:03:18,961 INFO    SenderThread:16052 [sender.py:_save_file():1390] saving file wandb-summary.json with policy end
2024-04-27 11:03:19,955 INFO    Thread-16 :16052 [dir_watcher.py:_on_file_modified():288] file/dir modified: E:\Codes\Projects\Introduction-to-Artificial-Intelligence\Classification\src\wandb\run-20240427_105838-62cio6c3\files\output.log
2024-04-27 11:03:19,956 INFO    Thread-16 :16052 [dir_watcher.py:_on_file_modified():288] file/dir modified: E:\Codes\Projects\Introduction-to-Artificial-Intelligence\Classification\src\wandb\run-20240427_105838-62cio6c3\files\wandb-summary.json
2024-04-27 11:03:20,963 INFO    Thread-16 :16052 [dir_watcher.py:_on_file_modified():288] file/dir modified: E:\Codes\Projects\Introduction-to-Artificial-Intelligence\Classification\src\wandb\run-20240427_105838-62cio6c3\files\output.log
2024-04-27 11:03:22,996 DEBUG   HandlerThread:16052 [handler.py:handle_request():146] handle_request: status_report
2024-04-27 11:03:26,104 DEBUG   HandlerThread:16052 [handler.py:handle_request():146] handle_request: stop_status
2024-04-27 11:03:26,104 DEBUG   SenderThread:16052 [sender.py:send_request():406] send_request: stop_status
2024-04-27 11:03:26,259 DEBUG   HandlerThread:16052 [handler.py:handle_request():146] handle_request: internal_messages
2024-04-27 11:03:28,496 DEBUG   HandlerThread:16052 [handler.py:handle_request():146] handle_request: status_report
2024-04-27 11:03:33,538 DEBUG   HandlerThread:16052 [handler.py:handle_request():146] handle_request: status_report
2024-04-27 11:03:38,566 DEBUG   HandlerThread:16052 [handler.py:handle_request():146] handle_request: status_report
2024-04-27 11:03:40,776 DEBUG   SenderThread:16052 [sender.py:send():379] send: stats
2024-04-27 11:03:41,103 DEBUG   HandlerThread:16052 [handler.py:handle_request():146] handle_request: stop_status
2024-04-27 11:03:41,103 DEBUG   SenderThread:16052 [sender.py:send_request():406] send_request: stop_status
2024-04-27 11:03:41,271 DEBUG   HandlerThread:16052 [handler.py:handle_request():146] handle_request: internal_messages
2024-04-27 11:03:44,553 DEBUG   HandlerThread:16052 [handler.py:handle_request():146] handle_request: status_report
2024-04-27 11:03:49,604 DEBUG   HandlerThread:16052 [handler.py:handle_request():146] handle_request: status_report
2024-04-27 11:03:54,663 DEBUG   HandlerThread:16052 [handler.py:handle_request():146] handle_request: status_report
2024-04-27 11:03:56,110 DEBUG   HandlerThread:16052 [handler.py:handle_request():146] handle_request: stop_status
2024-04-27 11:03:56,110 DEBUG   SenderThread:16052 [sender.py:send_request():406] send_request: stop_status
2024-04-27 11:03:56,288 DEBUG   HandlerThread:16052 [handler.py:handle_request():146] handle_request: internal_messages
2024-04-27 11:04:00,520 DEBUG   HandlerThread:16052 [handler.py:handle_request():146] handle_request: status_report
2024-04-27 11:04:05,575 DEBUG   HandlerThread:16052 [handler.py:handle_request():146] handle_request: status_report
2024-04-27 11:04:10,642 DEBUG   HandlerThread:16052 [handler.py:handle_request():146] handle_request: status_report
2024-04-27 11:04:10,784 DEBUG   SenderThread:16052 [sender.py:send():379] send: stats
2024-04-27 11:04:11,112 DEBUG   HandlerThread:16052 [handler.py:handle_request():146] handle_request: stop_status
2024-04-27 11:04:11,113 DEBUG   SenderThread:16052 [sender.py:send_request():406] send_request: stop_status
2024-04-27 11:04:11,297 DEBUG   HandlerThread:16052 [handler.py:handle_request():146] handle_request: internal_messages
2024-04-27 11:04:12,564 DEBUG   HandlerThread:16052 [handler.py:handle_request():146] handle_request: partial_history
2024-04-27 11:04:12,565 DEBUG   SenderThread:16052 [sender.py:send():379] send: history
2024-04-27 11:04:12,566 DEBUG   SenderThread:16052 [sender.py:send_request():406] send_request: summary_record
2024-04-27 11:04:12,566 INFO    SenderThread:16052 [sender.py:_save_file():1390] saving file wandb-summary.json with policy end
2024-04-27 11:04:13,455 INFO    Thread-16 :16052 [dir_watcher.py:_on_file_modified():288] file/dir modified: E:\Codes\Projects\Introduction-to-Artificial-Intelligence\Classification\src\wandb\run-20240427_105838-62cio6c3\files\wandb-summary.json
2024-04-27 11:04:14,466 INFO    Thread-16 :16052 [dir_watcher.py:_on_file_modified():288] file/dir modified: E:\Codes\Projects\Introduction-to-Artificial-Intelligence\Classification\src\wandb\run-20240427_105838-62cio6c3\files\output.log
2024-04-27 11:04:15,473 INFO    Thread-16 :16052 [dir_watcher.py:_on_file_modified():288] file/dir modified: E:\Codes\Projects\Introduction-to-Artificial-Intelligence\Classification\src\wandb\run-20240427_105838-62cio6c3\files\output.log
2024-04-27 11:04:16,606 DEBUG   HandlerThread:16052 [handler.py:handle_request():146] handle_request: status_report
2024-04-27 11:04:21,643 DEBUG   HandlerThread:16052 [handler.py:handle_request():146] handle_request: status_report
2024-04-27 11:04:26,121 DEBUG   HandlerThread:16052 [handler.py:handle_request():146] handle_request: stop_status
2024-04-27 11:04:26,121 DEBUG   SenderThread:16052 [sender.py:send_request():406] send_request: stop_status
2024-04-27 11:04:26,306 DEBUG   HandlerThread:16052 [handler.py:handle_request():146] handle_request: internal_messages
2024-04-27 11:04:27,572 DEBUG   HandlerThread:16052 [handler.py:handle_request():146] handle_request: status_report
2024-04-27 11:04:32,609 DEBUG   HandlerThread:16052 [handler.py:handle_request():146] handle_request: status_report
2024-04-27 11:04:37,640 DEBUG   HandlerThread:16052 [handler.py:handle_request():146] handle_request: status_report
2024-04-27 11:04:40,811 DEBUG   SenderThread:16052 [sender.py:send():379] send: stats
2024-04-27 11:04:41,143 DEBUG   HandlerThread:16052 [handler.py:handle_request():146] handle_request: stop_status
2024-04-27 11:04:41,145 DEBUG   SenderThread:16052 [sender.py:send_request():406] send_request: stop_status
2024-04-27 11:04:41,311 DEBUG   HandlerThread:16052 [handler.py:handle_request():146] handle_request: internal_messages
2024-04-27 11:04:43,508 DEBUG   HandlerThread:16052 [handler.py:handle_request():146] handle_request: status_report
2024-04-27 11:04:48,934 DEBUG   HandlerThread:16052 [handler.py:handle_request():146] handle_request: status_report
2024-04-27 11:04:54,058 DEBUG   HandlerThread:16052 [handler.py:handle_request():146] handle_request: status_report
2024-04-27 11:04:56,195 DEBUG   HandlerThread:16052 [handler.py:handle_request():146] handle_request: stop_status
2024-04-27 11:04:56,195 DEBUG   SenderThread:16052 [sender.py:send_request():406] send_request: stop_status
2024-04-27 11:04:56,369 DEBUG   HandlerThread:16052 [handler.py:handle_request():146] handle_request: internal_messages
2024-04-27 11:04:59,523 DEBUG   HandlerThread:16052 [handler.py:handle_request():146] handle_request: status_report
2024-04-27 11:05:04,566 DEBUG   HandlerThread:16052 [handler.py:handle_request():146] handle_request: status_report
2024-04-27 11:05:09,606 DEBUG   HandlerThread:16052 [handler.py:handle_request():146] handle_request: status_report
2024-04-27 11:05:10,814 DEBUG   SenderThread:16052 [sender.py:send():379] send: stats
2024-04-27 11:05:11,201 DEBUG   HandlerThread:16052 [handler.py:handle_request():146] handle_request: stop_status
2024-04-27 11:05:11,201 DEBUG   SenderThread:16052 [sender.py:send_request():406] send_request: stop_status
2024-04-27 11:05:11,360 DEBUG   HandlerThread:16052 [handler.py:handle_request():146] handle_request: internal_messages
2024-04-27 11:05:14,645 DEBUG   HandlerThread:16052 [handler.py:handle_request():146] handle_request: status_report
2024-04-27 11:05:19,706 DEBUG   HandlerThread:16052 [handler.py:handle_request():146] handle_request: status_report
2024-04-27 11:05:24,721 DEBUG   HandlerThread:16052 [handler.py:handle_request():146] handle_request: status_report
2024-04-27 11:05:26,222 DEBUG   HandlerThread:16052 [handler.py:handle_request():146] handle_request: stop_status
2024-04-27 11:05:26,222 DEBUG   SenderThread:16052 [sender.py:send_request():406] send_request: stop_status
2024-04-27 11:05:26,380 DEBUG   HandlerThread:16052 [handler.py:handle_request():146] handle_request: internal_messages
2024-04-27 11:05:30,620 DEBUG   HandlerThread:16052 [handler.py:handle_request():146] handle_request: status_report
2024-04-27 11:05:35,735 DEBUG   HandlerThread:16052 [handler.py:handle_request():146] handle_request: status_report
2024-04-27 11:05:36,944 DEBUG   HandlerThread:16052 [handler.py:handle_request():146] handle_request: partial_history
2024-04-27 11:05:36,946 DEBUG   SenderThread:16052 [sender.py:send():379] send: history
2024-04-27 11:05:36,947 DEBUG   SenderThread:16052 [sender.py:send_request():406] send_request: summary_record
2024-04-27 11:05:36,948 INFO    SenderThread:16052 [sender.py:_save_file():1390] saving file wandb-summary.json with policy end
2024-04-27 11:05:37,895 INFO    Thread-16 :16052 [dir_watcher.py:_on_file_modified():288] file/dir modified: E:\Codes\Projects\Introduction-to-Artificial-Intelligence\Classification\src\wandb\run-20240427_105838-62cio6c3\files\output.log
2024-04-27 11:05:37,896 INFO    Thread-16 :16052 [dir_watcher.py:_on_file_modified():288] file/dir modified: E:\Codes\Projects\Introduction-to-Artificial-Intelligence\Classification\src\wandb\run-20240427_105838-62cio6c3\files\wandb-summary.json
2024-04-27 11:05:38,905 INFO    Thread-16 :16052 [dir_watcher.py:_on_file_modified():288] file/dir modified: E:\Codes\Projects\Introduction-to-Artificial-Intelligence\Classification\src\wandb\run-20240427_105838-62cio6c3\files\output.log
2024-04-27 11:05:40,824 DEBUG   SenderThread:16052 [sender.py:send():379] send: stats
2024-04-27 11:05:40,825 DEBUG   HandlerThread:16052 [handler.py:handle_request():146] handle_request: status_report
2024-04-27 11:05:41,231 DEBUG   HandlerThread:16052 [handler.py:handle_request():146] handle_request: stop_status
2024-04-27 11:05:41,231 DEBUG   SenderThread:16052 [sender.py:send_request():406] send_request: stop_status
2024-04-27 11:05:41,390 DEBUG   HandlerThread:16052 [handler.py:handle_request():146] handle_request: internal_messages
2024-04-27 11:05:46,571 DEBUG   HandlerThread:16052 [handler.py:handle_request():146] handle_request: status_report
2024-04-27 11:05:51,625 DEBUG   HandlerThread:16052 [handler.py:handle_request():146] handle_request: status_report
2024-04-27 11:05:56,247 DEBUG   HandlerThread:16052 [handler.py:handle_request():146] handle_request: stop_status
2024-04-27 11:05:56,248 DEBUG   SenderThread:16052 [sender.py:send_request():406] send_request: stop_status
2024-04-27 11:05:56,391 DEBUG   HandlerThread:16052 [handler.py:handle_request():146] handle_request: internal_messages
2024-04-27 11:05:56,672 DEBUG   HandlerThread:16052 [handler.py:handle_request():146] handle_request: status_report
2024-04-27 11:06:01,727 DEBUG   HandlerThread:16052 [handler.py:handle_request():146] handle_request: status_report
2024-04-27 11:06:06,795 DEBUG   HandlerThread:16052 [handler.py:handle_request():146] handle_request: status_report
2024-04-27 11:06:10,846 DEBUG   SenderThread:16052 [sender.py:send():379] send: stats
2024-04-27 11:06:11,259 DEBUG   HandlerThread:16052 [handler.py:handle_request():146] handle_request: stop_status
2024-04-27 11:06:11,260 DEBUG   SenderThread:16052 [sender.py:send_request():406] send_request: stop_status
2024-04-27 11:06:11,433 DEBUG   HandlerThread:16052 [handler.py:handle_request():146] handle_request: internal_messages
2024-04-27 11:06:12,634 DEBUG   HandlerThread:16052 [handler.py:handle_request():146] handle_request: status_report
2024-04-27 11:06:17,770 DEBUG   HandlerThread:16052 [handler.py:handle_request():146] handle_request: status_report
2024-04-27 11:06:22,865 DEBUG   HandlerThread:16052 [handler.py:handle_request():146] handle_request: status_report
2024-04-27 11:06:26,310 DEBUG   HandlerThread:16052 [handler.py:handle_request():146] handle_request: stop_status
2024-04-27 11:06:26,310 DEBUG   SenderThread:16052 [sender.py:send_request():406] send_request: stop_status
2024-04-27 11:06:26,431 DEBUG   HandlerThread:16052 [handler.py:handle_request():146] handle_request: internal_messages
2024-04-27 11:06:28,696 DEBUG   HandlerThread:16052 [handler.py:handle_request():146] handle_request: status_report
2024-04-27 11:06:33,791 DEBUG   HandlerThread:16052 [handler.py:handle_request():146] handle_request: status_report
2024-04-27 11:06:38,920 DEBUG   HandlerThread:16052 [handler.py:handle_request():146] handle_request: status_report
2024-04-27 11:06:40,852 DEBUG   SenderThread:16052 [sender.py:send():379] send: stats
2024-04-27 11:06:41,326 DEBUG   HandlerThread:16052 [handler.py:handle_request():146] handle_request: stop_status
2024-04-27 11:06:41,326 DEBUG   SenderThread:16052 [sender.py:send_request():406] send_request: stop_status
2024-04-27 11:06:41,435 DEBUG   HandlerThread:16052 [handler.py:handle_request():146] handle_request: internal_messages
2024-04-27 11:06:44,768 DEBUG   HandlerThread:16052 [handler.py:handle_request():146] handle_request: status_report
2024-04-27 11:06:49,805 DEBUG   HandlerThread:16052 [handler.py:handle_request():146] handle_request: status_report
2024-04-27 11:06:54,847 DEBUG   HandlerThread:16052 [handler.py:handle_request():146] handle_request: status_report
2024-04-27 11:06:56,343 DEBUG   HandlerThread:16052 [handler.py:handle_request():146] handle_request: stop_status
2024-04-27 11:06:56,343 DEBUG   SenderThread:16052 [sender.py:send_request():406] send_request: stop_status
2024-04-27 11:06:56,448 DEBUG   HandlerThread:16052 [handler.py:handle_request():146] handle_request: internal_messages
2024-04-27 11:07:00,700 DEBUG   HandlerThread:16052 [handler.py:handle_request():146] handle_request: status_report
2024-04-27 11:07:03,297 DEBUG   HandlerThread:16052 [handler.py:handle_request():146] handle_request: partial_history
2024-04-27 11:07:03,299 DEBUG   SenderThread:16052 [sender.py:send():379] send: history
2024-04-27 11:07:03,300 DEBUG   SenderThread:16052 [sender.py:send_request():406] send_request: summary_record
2024-04-27 11:07:03,300 INFO    SenderThread:16052 [sender.py:_save_file():1390] saving file wandb-summary.json with policy end
2024-04-27 11:07:03,590 INFO    Thread-16 :16052 [dir_watcher.py:_on_file_modified():288] file/dir modified: E:\Codes\Projects\Introduction-to-Artificial-Intelligence\Classification\src\wandb\run-20240427_105838-62cio6c3\files\wandb-summary.json
2024-04-27 11:07:05,793 INFO    Thread-16 :16052 [dir_watcher.py:_on_file_modified():288] file/dir modified: E:\Codes\Projects\Introduction-to-Artificial-Intelligence\Classification\src\wandb\run-20240427_105838-62cio6c3\files\output.log
2024-04-27 11:07:06,331 DEBUG   HandlerThread:16052 [handler.py:handle_request():146] handle_request: status_report
2024-04-27 11:07:10,856 DEBUG   SenderThread:16052 [sender.py:send():379] send: stats
2024-04-27 11:07:11,355 DEBUG   HandlerThread:16052 [handler.py:handle_request():146] handle_request: stop_status
2024-04-27 11:07:11,355 DEBUG   SenderThread:16052 [sender.py:send_request():406] send_request: stop_status
2024-04-27 11:07:11,456 DEBUG   HandlerThread:16052 [handler.py:handle_request():146] handle_request: internal_messages
2024-04-27 11:07:11,730 DEBUG   HandlerThread:16052 [handler.py:handle_request():146] handle_request: status_report
2024-04-27 11:07:16,750 DEBUG   HandlerThread:16052 [handler.py:handle_request():146] handle_request: status_report
2024-04-27 11:07:21,795 DEBUG   HandlerThread:16052 [handler.py:handle_request():146] handle_request: status_report
2024-04-27 11:07:26,357 DEBUG   HandlerThread:16052 [handler.py:handle_request():146] handle_request: stop_status
2024-04-27 11:07:26,357 DEBUG   SenderThread:16052 [sender.py:send_request():406] send_request: stop_status
2024-04-27 11:07:26,461 DEBUG   HandlerThread:16052 [handler.py:handle_request():146] handle_request: internal_messages
2024-04-27 11:07:27,688 DEBUG   HandlerThread:16052 [handler.py:handle_request():146] handle_request: status_report
2024-04-27 11:07:32,744 DEBUG   HandlerThread:16052 [handler.py:handle_request():146] handle_request: status_report
2024-04-27 11:07:37,773 DEBUG   HandlerThread:16052 [handler.py:handle_request():146] handle_request: status_report
2024-04-27 11:07:40,861 DEBUG   SenderThread:16052 [sender.py:send():379] send: stats
2024-04-27 11:07:41,367 DEBUG   HandlerThread:16052 [handler.py:handle_request():146] handle_request: stop_status
2024-04-27 11:07:41,367 DEBUG   SenderThread:16052 [sender.py:send_request():406] send_request: stop_status
2024-04-27 11:07:41,469 DEBUG   HandlerThread:16052 [handler.py:handle_request():146] handle_request: internal_messages
2024-04-27 11:07:43,730 DEBUG   HandlerThread:16052 [handler.py:handle_request():146] handle_request: status_report
2024-04-27 11:07:48,765 DEBUG   HandlerThread:16052 [handler.py:handle_request():146] handle_request: status_report
2024-04-27 11:07:53,803 DEBUG   HandlerThread:16052 [handler.py:handle_request():146] handle_request: status_report
2024-04-27 11:07:56,372 DEBUG   HandlerThread:16052 [handler.py:handle_request():146] handle_request: stop_status
2024-04-27 11:07:56,373 DEBUG   SenderThread:16052 [sender.py:send_request():406] send_request: stop_status
2024-04-27 11:07:56,479 DEBUG   HandlerThread:16052 [handler.py:handle_request():146] handle_request: internal_messages
2024-04-27 11:07:59,002 DEBUG   HandlerThread:16052 [handler.py:handle_request():146] handle_request: partial_history
2024-04-27 11:07:59,004 DEBUG   SenderThread:16052 [sender.py:send():379] send: history
2024-04-27 11:07:59,004 DEBUG   SenderThread:16052 [sender.py:send_request():406] send_request: summary_record
2024-04-27 11:07:59,004 DEBUG   HandlerThread:16052 [handler.py:handle_request():146] handle_request: status_report
2024-04-27 11:07:59,006 INFO    SenderThread:16052 [sender.py:_save_file():1390] saving file wandb-summary.json with policy end
2024-04-27 11:07:59,238 INFO    Thread-16 :16052 [dir_watcher.py:_on_file_modified():288] file/dir modified: E:\Codes\Projects\Introduction-to-Artificial-Intelligence\Classification\src\wandb\run-20240427_105838-62cio6c3\files\wandb-summary.json
2024-04-27 11:08:00,252 INFO    Thread-16 :16052 [dir_watcher.py:_on_file_modified():288] file/dir modified: E:\Codes\Projects\Introduction-to-Artificial-Intelligence\Classification\src\wandb\run-20240427_105838-62cio6c3\files\output.log
2024-04-27 11:08:01,256 INFO    Thread-16 :16052 [dir_watcher.py:_on_file_modified():288] file/dir modified: E:\Codes\Projects\Introduction-to-Artificial-Intelligence\Classification\src\wandb\run-20240427_105838-62cio6c3\files\output.log
2024-04-27 11:08:04,043 DEBUG   HandlerThread:16052 [handler.py:handle_request():146] handle_request: status_report
2024-04-27 11:08:09,083 DEBUG   HandlerThread:16052 [handler.py:handle_request():146] handle_request: status_report
2024-04-27 11:08:10,873 DEBUG   SenderThread:16052 [sender.py:send():379] send: stats
2024-04-27 11:08:11,383 DEBUG   HandlerThread:16052 [handler.py:handle_request():146] handle_request: stop_status
2024-04-27 11:08:11,383 DEBUG   SenderThread:16052 [sender.py:send_request():406] send_request: stop_status
2024-04-27 11:08:11,473 DEBUG   HandlerThread:16052 [handler.py:handle_request():146] handle_request: internal_messages
2024-04-27 11:08:14,693 DEBUG   HandlerThread:16052 [handler.py:handle_request():146] handle_request: status_report
2024-04-27 11:08:19,758 DEBUG   HandlerThread:16052 [handler.py:handle_request():146] handle_request: status_report
2024-04-27 11:08:24,814 DEBUG   HandlerThread:16052 [handler.py:handle_request():146] handle_request: status_report
2024-04-27 11:08:26,389 DEBUG   HandlerThread:16052 [handler.py:handle_request():146] handle_request: stop_status
2024-04-27 11:08:26,389 DEBUG   SenderThread:16052 [sender.py:send_request():406] send_request: stop_status
2024-04-27 11:08:26,486 DEBUG   HandlerThread:16052 [handler.py:handle_request():146] handle_request: internal_messages
2024-04-27 11:08:30,747 DEBUG   HandlerThread:16052 [handler.py:handle_request():146] handle_request: status_report
2024-04-27 11:08:35,785 DEBUG   HandlerThread:16052 [handler.py:handle_request():146] handle_request: status_report
2024-04-27 11:08:40,833 DEBUG   HandlerThread:16052 [handler.py:handle_request():146] handle_request: status_report
2024-04-27 11:08:40,878 DEBUG   SenderThread:16052 [sender.py:send():379] send: stats
2024-04-27 11:08:41,402 DEBUG   HandlerThread:16052 [handler.py:handle_request():146] handle_request: stop_status
2024-04-27 11:08:41,402 DEBUG   SenderThread:16052 [sender.py:send_request():406] send_request: stop_status
2024-04-27 11:08:41,497 DEBUG   HandlerThread:16052 [handler.py:handle_request():146] handle_request: internal_messages
2024-04-27 11:08:46,734 DEBUG   HandlerThread:16052 [handler.py:handle_request():146] handle_request: status_report
2024-04-27 11:08:51,789 DEBUG   HandlerThread:16052 [handler.py:handle_request():146] handle_request: status_report
2024-04-27 11:08:53,011 DEBUG   HandlerThread:16052 [handler.py:handle_request():146] handle_request: partial_history
2024-04-27 11:08:53,015 DEBUG   SenderThread:16052 [sender.py:send():379] send: history
2024-04-27 11:08:53,015 DEBUG   SenderThread:16052 [sender.py:send_request():406] send_request: summary_record
2024-04-27 11:08:53,015 INFO    SenderThread:16052 [sender.py:_save_file():1390] saving file wandb-summary.json with policy end
2024-04-27 11:08:53,660 INFO    Thread-16 :16052 [dir_watcher.py:_on_file_modified():288] file/dir modified: E:\Codes\Projects\Introduction-to-Artificial-Intelligence\Classification\src\wandb\run-20240427_105838-62cio6c3\files\wandb-summary.json
2024-04-27 11:08:54,670 INFO    Thread-16 :16052 [dir_watcher.py:_on_file_modified():288] file/dir modified: E:\Codes\Projects\Introduction-to-Artificial-Intelligence\Classification\src\wandb\run-20240427_105838-62cio6c3\files\output.log
2024-04-27 11:08:55,678 INFO    Thread-16 :16052 [dir_watcher.py:_on_file_modified():288] file/dir modified: E:\Codes\Projects\Introduction-to-Artificial-Intelligence\Classification\src\wandb\run-20240427_105838-62cio6c3\files\output.log
2024-04-27 11:08:56,419 DEBUG   HandlerThread:16052 [handler.py:handle_request():146] handle_request: stop_status
2024-04-27 11:08:56,419 DEBUG   SenderThread:16052 [sender.py:send_request():406] send_request: stop_status
2024-04-27 11:08:56,512 DEBUG   HandlerThread:16052 [handler.py:handle_request():146] handle_request: internal_messages
2024-04-27 11:08:56,803 DEBUG   HandlerThread:16052 [handler.py:handle_request():146] handle_request: status_report
2024-04-27 11:09:01,828 DEBUG   HandlerThread:16052 [handler.py:handle_request():146] handle_request: status_report
2024-04-27 11:09:06,858 DEBUG   HandlerThread:16052 [handler.py:handle_request():146] handle_request: status_report
2024-04-27 11:09:10,879 DEBUG   SenderThread:16052 [sender.py:send():379] send: stats
2024-04-27 11:09:11,433 DEBUG   HandlerThread:16052 [handler.py:handle_request():146] handle_request: stop_status
2024-04-27 11:09:11,433 DEBUG   SenderThread:16052 [sender.py:send_request():406] send_request: stop_status
2024-04-27 11:09:11,513 DEBUG   HandlerThread:16052 [handler.py:handle_request():146] handle_request: internal_messages
2024-04-27 11:09:12,701 DEBUG   HandlerThread:16052 [handler.py:handle_request():146] handle_request: status_report
2024-04-27 11:09:17,757 DEBUG   HandlerThread:16052 [handler.py:handle_request():146] handle_request: status_report
2024-04-27 11:09:22,782 DEBUG   HandlerThread:16052 [handler.py:handle_request():146] handle_request: status_report
2024-04-27 11:09:26,449 DEBUG   HandlerThread:16052 [handler.py:handle_request():146] handle_request: stop_status
2024-04-27 11:09:26,449 DEBUG   SenderThread:16052 [sender.py:send_request():406] send_request: stop_status
2024-04-27 11:09:26,525 DEBUG   HandlerThread:16052 [handler.py:handle_request():146] handle_request: internal_messages
2024-04-27 11:09:28,768 DEBUG   HandlerThread:16052 [handler.py:handle_request():146] handle_request: status_report
2024-04-27 11:09:33,847 DEBUG   HandlerThread:16052 [handler.py:handle_request():146] handle_request: status_report
2024-04-27 11:09:38,900 DEBUG   HandlerThread:16052 [handler.py:handle_request():146] handle_request: status_report
2024-04-27 11:09:40,887 DEBUG   SenderThread:16052 [sender.py:send():379] send: stats
2024-04-27 11:09:41,466 DEBUG   HandlerThread:16052 [handler.py:handle_request():146] handle_request: stop_status
2024-04-27 11:09:41,466 DEBUG   SenderThread:16052 [sender.py:send_request():406] send_request: stop_status
2024-04-27 11:09:41,530 DEBUG   HandlerThread:16052 [handler.py:handle_request():146] handle_request: internal_messages
2024-04-27 11:09:44,771 DEBUG   HandlerThread:16052 [handler.py:handle_request():146] handle_request: status_report
2024-04-27 11:09:45,938 DEBUG   HandlerThread:16052 [handler.py:handle_request():146] handle_request: partial_history
2024-04-27 11:09:45,942 DEBUG   SenderThread:16052 [sender.py:send():379] send: history
2024-04-27 11:09:45,942 DEBUG   SenderThread:16052 [sender.py:send_request():406] send_request: summary_record
2024-04-27 11:09:45,942 INFO    SenderThread:16052 [sender.py:_save_file():1390] saving file wandb-summary.json with policy end
2024-04-27 11:09:45,942 DEBUG   SenderThread:16052 [sender.py:send():379] send: exit
2024-04-27 11:09:45,942 INFO    SenderThread:16052 [sender.py:send_exit():586] handling exit code: 0
2024-04-27 11:09:45,942 INFO    SenderThread:16052 [sender.py:send_exit():588] handling runtime: 665
2024-04-27 11:09:45,946 INFO    SenderThread:16052 [sender.py:_save_file():1390] saving file wandb-summary.json with policy end
2024-04-27 11:09:45,946 INFO    SenderThread:16052 [sender.py:send_exit():594] send defer
2024-04-27 11:09:45,946 DEBUG   HandlerThread:16052 [handler.py:handle_request():146] handle_request: defer
2024-04-27 11:09:45,946 INFO    HandlerThread:16052 [handler.py:handle_request_defer():172] handle defer: 0
2024-04-27 11:09:45,946 DEBUG   SenderThread:16052 [sender.py:send_request():406] send_request: defer
2024-04-27 11:09:45,946 INFO    SenderThread:16052 [sender.py:send_request_defer():610] handle sender defer: 0
2024-04-27 11:09:45,946 INFO    SenderThread:16052 [sender.py:transition_state():614] send defer: 1
2024-04-27 11:09:45,950 DEBUG   HandlerThread:16052 [handler.py:handle_request():146] handle_request: defer
2024-04-27 11:09:45,950 INFO    HandlerThread:16052 [handler.py:handle_request_defer():172] handle defer: 1
2024-04-27 11:09:45,950 DEBUG   SenderThread:16052 [sender.py:send_request():406] send_request: defer
2024-04-27 11:09:45,950 INFO    SenderThread:16052 [sender.py:send_request_defer():610] handle sender defer: 1
2024-04-27 11:09:45,950 INFO    SenderThread:16052 [sender.py:transition_state():614] send defer: 2
2024-04-27 11:09:45,950 DEBUG   HandlerThread:16052 [handler.py:handle_request():146] handle_request: defer
2024-04-27 11:09:45,950 INFO    HandlerThread:16052 [handler.py:handle_request_defer():172] handle defer: 2
2024-04-27 11:09:45,950 INFO    HandlerThread:16052 [system_monitor.py:finish():203] Stopping system monitor
2024-04-27 11:09:45,950 INFO    HandlerThread:16052 [interfaces.py:finish():202] Joined cpu monitor
2024-04-27 11:09:45,950 DEBUG   SystemMonitor:16052 [system_monitor.py:_start():179] Finished system metrics aggregation loop
2024-04-27 11:09:45,954 DEBUG   SystemMonitor:16052 [system_monitor.py:_start():183] Publishing last batch of metrics
2024-04-27 11:09:45,954 INFO    HandlerThread:16052 [interfaces.py:finish():202] Joined disk monitor
2024-04-27 11:09:45,954 INFO    HandlerThread:16052 [interfaces.py:finish():202] Joined memory monitor
2024-04-27 11:09:45,954 INFO    HandlerThread:16052 [interfaces.py:finish():202] Joined network monitor
2024-04-27 11:09:45,954 DEBUG   SenderThread:16052 [sender.py:send_request():406] send_request: defer
2024-04-27 11:09:45,954 INFO    SenderThread:16052 [sender.py:send_request_defer():610] handle sender defer: 2
2024-04-27 11:09:45,954 INFO    SenderThread:16052 [sender.py:transition_state():614] send defer: 3
2024-04-27 11:09:45,954 DEBUG   SenderThread:16052 [sender.py:send():379] send: stats
2024-04-27 11:09:45,954 DEBUG   HandlerThread:16052 [handler.py:handle_request():146] handle_request: defer
2024-04-27 11:09:45,954 INFO    HandlerThread:16052 [handler.py:handle_request_defer():172] handle defer: 3
2024-04-27 11:09:45,958 DEBUG   SenderThread:16052 [sender.py:send_request():406] send_request: defer
2024-04-27 11:09:45,958 INFO    SenderThread:16052 [sender.py:send_request_defer():610] handle sender defer: 3
2024-04-27 11:09:45,958 INFO    SenderThread:16052 [sender.py:transition_state():614] send defer: 4
2024-04-27 11:09:45,958 DEBUG   HandlerThread:16052 [handler.py:handle_request():146] handle_request: defer
2024-04-27 11:09:45,958 INFO    HandlerThread:16052 [handler.py:handle_request_defer():172] handle defer: 4
2024-04-27 11:09:45,958 DEBUG   SenderThread:16052 [sender.py:send_request():406] send_request: defer
2024-04-27 11:09:45,958 INFO    SenderThread:16052 [sender.py:send_request_defer():610] handle sender defer: 4
2024-04-27 11:09:45,958 INFO    SenderThread:16052 [sender.py:transition_state():614] send defer: 5
2024-04-27 11:09:45,958 DEBUG   HandlerThread:16052 [handler.py:handle_request():146] handle_request: defer
2024-04-27 11:09:45,958 INFO    HandlerThread:16052 [handler.py:handle_request_defer():172] handle defer: 5
2024-04-27 11:09:45,958 DEBUG   SenderThread:16052 [sender.py:send():379] send: summary
2024-04-27 11:09:45,958 INFO    SenderThread:16052 [sender.py:_save_file():1390] saving file wandb-summary.json with policy end
2024-04-27 11:09:45,958 DEBUG   SenderThread:16052 [sender.py:send_request():406] send_request: defer
2024-04-27 11:09:45,962 INFO    SenderThread:16052 [sender.py:send_request_defer():610] handle sender defer: 5
2024-04-27 11:09:45,962 INFO    SenderThread:16052 [sender.py:transition_state():614] send defer: 6
2024-04-27 11:09:45,962 DEBUG   HandlerThread:16052 [handler.py:handle_request():146] handle_request: defer
2024-04-27 11:09:45,962 INFO    HandlerThread:16052 [handler.py:handle_request_defer():172] handle defer: 6
2024-04-27 11:09:45,962 DEBUG   SenderThread:16052 [sender.py:send_request():406] send_request: defer
2024-04-27 11:09:45,962 INFO    SenderThread:16052 [sender.py:send_request_defer():610] handle sender defer: 6
2024-04-27 11:09:45,962 INFO    SenderThread:16052 [sender.py:transition_state():614] send defer: 7
2024-04-27 11:09:45,962 DEBUG   HandlerThread:16052 [handler.py:handle_request():146] handle_request: status_report
2024-04-27 11:09:45,962 DEBUG   HandlerThread:16052 [handler.py:handle_request():146] handle_request: defer
2024-04-27 11:09:45,962 INFO    HandlerThread:16052 [handler.py:handle_request_defer():172] handle defer: 7
2024-04-27 11:09:45,962 DEBUG   SenderThread:16052 [sender.py:send_request():406] send_request: defer
2024-04-27 11:09:45,962 INFO    SenderThread:16052 [sender.py:send_request_defer():610] handle sender defer: 7
2024-04-27 11:09:46,039 INFO    Thread-16 :16052 [dir_watcher.py:_on_file_modified():288] file/dir modified: E:\Codes\Projects\Introduction-to-Artificial-Intelligence\Classification\src\wandb\run-20240427_105838-62cio6c3\files\wandb-summary.json
2024-04-27 11:09:46,951 DEBUG   HandlerThread:16052 [handler.py:handle_request():146] handle_request: poll_exit
2024-04-27 11:09:47,049 INFO    Thread-16 :16052 [dir_watcher.py:_on_file_modified():288] file/dir modified: E:\Codes\Projects\Introduction-to-Artificial-Intelligence\Classification\src\wandb\run-20240427_105838-62cio6c3\files\output.log
2024-04-27 11:09:48,054 INFO    Thread-16 :16052 [dir_watcher.py:_on_file_modified():288] file/dir modified: E:\Codes\Projects\Introduction-to-Artificial-Intelligence\Classification\src\wandb\run-20240427_105838-62cio6c3\files\output.log
2024-04-27 11:09:48,923 INFO    SenderThread:16052 [sender.py:transition_state():614] send defer: 8
2024-04-27 11:09:48,924 DEBUG   SenderThread:16052 [sender.py:send_request():406] send_request: poll_exit
2024-04-27 11:09:48,924 DEBUG   HandlerThread:16052 [handler.py:handle_request():146] handle_request: defer
2024-04-27 11:09:48,924 INFO    HandlerThread:16052 [handler.py:handle_request_defer():172] handle defer: 8
2024-04-27 11:09:48,924 DEBUG   SenderThread:16052 [sender.py:send_request():406] send_request: defer
2024-04-27 11:09:48,924 INFO    SenderThread:16052 [sender.py:send_request_defer():610] handle sender defer: 8
2024-04-27 11:09:48,924 INFO    SenderThread:16052 [job_builder.py:build():318] Attempting to build job artifact
2024-04-27 11:09:48,925 INFO    SenderThread:16052 [job_builder.py:_get_source_type():455] is repo sourced job
2024-04-27 11:09:48,971 DEBUG   HandlerThread:16052 [handler.py:handle_request():146] handle_request: poll_exit
2024-04-27 11:09:49,059 INFO    Thread-16 :16052 [dir_watcher.py:_on_file_modified():288] file/dir modified: E:\Codes\Projects\Introduction-to-Artificial-Intelligence\Classification\src\wandb\run-20240427_105838-62cio6c3\files\output.log
2024-04-27 11:09:49,608 INFO    SenderThread:16052 [job_builder.py:build():431] adding wandb-job metadata file
2024-04-27 11:09:49,643 INFO    SenderThread:16052 [sender.py:transition_state():614] send defer: 9
2024-04-27 11:09:49,643 DEBUG   SenderThread:16052 [sender.py:send_request():406] send_request: poll_exit
2024-04-27 11:09:49,643 DEBUG   HandlerThread:16052 [handler.py:handle_request():146] handle_request: defer
2024-04-27 11:09:49,643 DEBUG   SenderThread:16052 [sender.py:send():379] send: artifact
2024-04-27 11:09:49,643 INFO    HandlerThread:16052 [handler.py:handle_request_defer():172] handle defer: 9
2024-04-27 11:09:49,984 DEBUG   HandlerThread:16052 [handler.py:handle_request():146] handle_request: poll_exit
2024-04-27 11:09:55,042 DEBUG   HandlerThread:16052 [handler.py:handle_request():146] handle_request: keepalive
2024-04-27 11:09:56,907 ERROR   wandb-upload_1:16052 [internal_api.py:upload_file():2767] upload_file exception https://storage.googleapis.com/wandb-artifacts-prod/wandb_artifacts/167305705/812490160/30dff17f1451b9adabe8103df3cba5e7?Expires=1714273790&GoogleAccessId=gorilla-files-url-signer-man%40wandb-production.iam.gserviceaccount.com&Signature=ursR6yC1mDe0XgACnsGW4MiQEQyjsf8PQc3QTPY6Y7sQ4CwxF4ioL%2BDDZxESKPyZlXiJTEVo0VIQ%2FdnyRerLBFDalcQVjFhPtgnl6lAhECWgIyhthZTOCSghBLSrOmMFhWp%2BSzNRqcLKY6%2BAkmcg8tfmDt0yYtelhyC20AZyp4mATIJMp9u%2FPsfSZccSc4Vfhbyn05JbjhKbDBTvxsx1klPURzJ%2B9F4CR%2FRrKCOsE2EFlarNw00pt7xy31n1nrXh7jHjeM6VpA1Y6LaB%2BpYEAvQMiewmzDVb4wgOl9hsuLC9P7DSdDNLMJvkurhz7UTlVzdf9GEO5jlfzWT%2F2M2Xng%3D%3D: ('Connection aborted.', ConnectionResetError(10054, '', None, 10054, None))
2024-04-27 11:09:56,910 ERROR   wandb-upload_1:16052 [internal_api.py:upload_file():2769] upload_file request headers: {'User-Agent': 'python-requests/2.31.0', 'Accept-Encoding': 'gzip, deflate', 'Accept': '*/*', 'Connection': 'keep-alive', 'Content-MD5': 'MN/xfxRRua2r6BA988ul5w==', 'Content-Type': 'application/json', 'Content-Length': '1814'}
2024-04-27 11:09:56,910 ERROR   wandb-upload_1:16052 [internal_api.py:upload_file():2771] upload_file response body: 
2024-04-27 11:09:57,999 ERROR   wandb-upload_0:16052 [internal_api.py:upload_file():2767] upload_file exception https://storage.googleapis.com/wandb-artifacts-prod/wandb_artifacts/167305705/812490160/b7ce37323077c3809e3dbfb70cbbc186?Expires=1714273790&GoogleAccessId=gorilla-files-url-signer-man%40wandb-production.iam.gserviceaccount.com&Signature=m%2B7ZF96vwkPSfq6Tk5r9ZwtXftApQmqGleL43%2F25NZPEhWbeIJ7lztoRwup2%2FQllJj3nSqXffmJV1OFdERCtq3%2Bbt41bpZKCZw%2Btvi7DRaz%2B%2Fjp7issbT0M1x7jzxAk0%2FfKFhSyX%2Ba1HWDMZelSfCN86urghREwddNJz6tZLcOLfLmxxOWDOl1kNvFyTKhvkV1JvKBFWT4Kvl75jDwogbv%2FAB56UzLakW%2BHxVKjISuTXIS2rfhybuivFfgmySZHyU%2FK1Uf5ldAhLLawLKxABridnXlVYuDVzOEi5BLlPPVQRy8tBuEtJJ5OVBi%2FK%2FDSd25Bf5uiKnNIm9kwbuTJe9w%3D%3D: ('Connection aborted.', ConnectionResetError(10054, '', None, 10054, None))
2024-04-27 11:09:57,999 ERROR   wandb-upload_0:16052 [internal_api.py:upload_file():2769] upload_file request headers: {'User-Agent': 'python-requests/2.31.0', 'Accept-Encoding': 'gzip, deflate', 'Accept': '*/*', 'Connection': 'keep-alive', 'Content-MD5': 't843MjB3w4CePb+3DLvBhg==', 'Content-Type': 'text/plain; charset=utf-8', 'Content-Length': '2531'}
2024-04-27 11:09:57,999 ERROR   wandb-upload_0:16052 [internal_api.py:upload_file():2771] upload_file response body: 
2024-04-27 11:10:00,100 DEBUG   HandlerThread:16052 [handler.py:handle_request():146] handle_request: keepalive
2024-04-27 11:10:04,638 ERROR   wandb-upload_0:16052 [internal_api.py:upload_file():2767] upload_file exception https://storage.googleapis.com/wandb-artifacts-prod/wandb_artifacts/167305705/812490160/b7ce37323077c3809e3dbfb70cbbc186?Expires=1714273790&GoogleAccessId=gorilla-files-url-signer-man%40wandb-production.iam.gserviceaccount.com&Signature=m%2B7ZF96vwkPSfq6Tk5r9ZwtXftApQmqGleL43%2F25NZPEhWbeIJ7lztoRwup2%2FQllJj3nSqXffmJV1OFdERCtq3%2Bbt41bpZKCZw%2Btvi7DRaz%2B%2Fjp7issbT0M1x7jzxAk0%2FfKFhSyX%2Ba1HWDMZelSfCN86urghREwddNJz6tZLcOLfLmxxOWDOl1kNvFyTKhvkV1JvKBFWT4Kvl75jDwogbv%2FAB56UzLakW%2BHxVKjISuTXIS2rfhybuivFfgmySZHyU%2FK1Uf5ldAhLLawLKxABridnXlVYuDVzOEi5BLlPPVQRy8tBuEtJJ5OVBi%2FK%2FDSd25Bf5uiKnNIm9kwbuTJe9w%3D%3D: ('Connection aborted.', ConnectionResetError(10054, '', None, 10054, None))
2024-04-27 11:10:04,638 ERROR   wandb-upload_0:16052 [internal_api.py:upload_file():2769] upload_file request headers: {'User-Agent': 'python-requests/2.31.0', 'Accept-Encoding': 'gzip, deflate', 'Accept': '*/*', 'Connection': 'keep-alive', 'Content-MD5': 't843MjB3w4CePb+3DLvBhg==', 'Content-Type': 'text/plain; charset=utf-8', 'Content-Length': '2531'}
2024-04-27 11:10:04,638 ERROR   wandb-upload_0:16052 [internal_api.py:upload_file():2771] upload_file response body: 
2024-04-27 11:10:04,638 INFO    wandb-upload_0:16052 [retry.py:__call__():172] Retry attempt failed:
Traceback (most recent call last):
  File "D:\ProgramFiles\Python\Python312\Lib\site-packages\urllib3\connectionpool.py", line 777, in urlopen
    self._prepare_proxy(conn)
  File "D:\ProgramFiles\Python\Python312\Lib\site-packages\urllib3\connectionpool.py", line 1046, in _prepare_proxy
    conn.connect()
  File "D:\ProgramFiles\Python\Python312\Lib\site-packages\urllib3\connection.py", line 642, in connect
    sock_and_verified = _ssl_wrap_socket_and_match_hostname(
                        ^^^^^^^^^^^^^^^^^^^^^^^^^^^^^^^^^^^^
  File "D:\ProgramFiles\Python\Python312\Lib\site-packages\urllib3\connection.py", line 783, in _ssl_wrap_socket_and_match_hostname
    ssl_sock = ssl_wrap_socket(
               ^^^^^^^^^^^^^^^^
  File "D:\ProgramFiles\Python\Python312\Lib\site-packages\urllib3\util\ssl_.py", line 471, in ssl_wrap_socket
    ssl_sock = _ssl_wrap_socket_impl(sock, context, tls_in_tls, server_hostname)
               ^^^^^^^^^^^^^^^^^^^^^^^^^^^^^^^^^^^^^^^^^^^^^^^^^^^^^^^^^^^^^^^^^
  File "D:\ProgramFiles\Python\Python312\Lib\site-packages\urllib3\util\ssl_.py", line 515, in _ssl_wrap_socket_impl
    return ssl_context.wrap_socket(sock, server_hostname=server_hostname)
           ^^^^^^^^^^^^^^^^^^^^^^^^^^^^^^^^^^^^^^^^^^^^^^^^^^^^^^^^^^^^^^
  File "D:\ProgramFiles\Python\Python312\Lib\ssl.py", line 455, in wrap_socket
    return self.sslsocket_class._create(
           ^^^^^^^^^^^^^^^^^^^^^^^^^^^^^
  File "D:\ProgramFiles\Python\Python312\Lib\ssl.py", line 1046, in _create
    self.do_handshake()
  File "D:\ProgramFiles\Python\Python312\Lib\ssl.py", line 1317, in do_handshake
    self._sslobj.do_handshake()
ConnectionResetError: [WinError 10054] 

During handling of the above exception, another exception occurred:

Traceback (most recent call last):
  File "D:\ProgramFiles\Python\Python312\Lib\site-packages\requests\adapters.py", line 486, in send
    resp = conn.urlopen(
           ^^^^^^^^^^^^^
  File "D:\ProgramFiles\Python\Python312\Lib\site-packages\urllib3\connectionpool.py", line 845, in urlopen
    retries = retries.increment(
              ^^^^^^^^^^^^^^^^^^
  File "D:\ProgramFiles\Python\Python312\Lib\site-packages\urllib3\util\retry.py", line 470, in increment
    raise reraise(type(error), error, _stacktrace)
          ^^^^^^^^^^^^^^^^^^^^^^^^^^^^^^^^^^^^^^^^
  File "D:\ProgramFiles\Python\Python312\Lib\site-packages\urllib3\util\util.py", line 38, in reraise
    raise value.with_traceback(tb)
  File "D:\ProgramFiles\Python\Python312\Lib\site-packages\urllib3\connectionpool.py", line 777, in urlopen
    self._prepare_proxy(conn)
  File "D:\ProgramFiles\Python\Python312\Lib\site-packages\urllib3\connectionpool.py", line 1046, in _prepare_proxy
    conn.connect()
  File "D:\ProgramFiles\Python\Python312\Lib\site-packages\urllib3\connection.py", line 642, in connect
    sock_and_verified = _ssl_wrap_socket_and_match_hostname(
                        ^^^^^^^^^^^^^^^^^^^^^^^^^^^^^^^^^^^^
  File "D:\ProgramFiles\Python\Python312\Lib\site-packages\urllib3\connection.py", line 783, in _ssl_wrap_socket_and_match_hostname
    ssl_sock = ssl_wrap_socket(
               ^^^^^^^^^^^^^^^^
  File "D:\ProgramFiles\Python\Python312\Lib\site-packages\urllib3\util\ssl_.py", line 471, in ssl_wrap_socket
    ssl_sock = _ssl_wrap_socket_impl(sock, context, tls_in_tls, server_hostname)
               ^^^^^^^^^^^^^^^^^^^^^^^^^^^^^^^^^^^^^^^^^^^^^^^^^^^^^^^^^^^^^^^^^
  File "D:\ProgramFiles\Python\Python312\Lib\site-packages\urllib3\util\ssl_.py", line 515, in _ssl_wrap_socket_impl
    return ssl_context.wrap_socket(sock, server_hostname=server_hostname)
           ^^^^^^^^^^^^^^^^^^^^^^^^^^^^^^^^^^^^^^^^^^^^^^^^^^^^^^^^^^^^^^
  File "D:\ProgramFiles\Python\Python312\Lib\ssl.py", line 455, in wrap_socket
    return self.sslsocket_class._create(
           ^^^^^^^^^^^^^^^^^^^^^^^^^^^^^
  File "D:\ProgramFiles\Python\Python312\Lib\ssl.py", line 1046, in _create
    self.do_handshake()
  File "D:\ProgramFiles\Python\Python312\Lib\ssl.py", line 1317, in do_handshake
    self._sslobj.do_handshake()
urllib3.exceptions.ProtocolError: ('Connection aborted.', ConnectionResetError(10054, '', None, 10054, None))

During handling of the above exception, another exception occurred:

Traceback (most recent call last):
  File "D:\ProgramFiles\Python\Python312\Lib\site-packages\wandb\sdk\internal\internal_api.py", line 2760, in upload_file
    response = self._upload_file_session.put(
               ^^^^^^^^^^^^^^^^^^^^^^^^^^^^^^
  File "D:\ProgramFiles\Python\Python312\Lib\site-packages\requests\sessions.py", line 649, in put
    return self.request("PUT", url, data=data, **kwargs)
           ^^^^^^^^^^^^^^^^^^^^^^^^^^^^^^^^^^^^^^^^^^^^^
  File "D:\ProgramFiles\Python\Python312\Lib\site-packages\requests\sessions.py", line 589, in request
    resp = self.send(prep, **send_kwargs)
           ^^^^^^^^^^^^^^^^^^^^^^^^^^^^^^
  File "D:\ProgramFiles\Python\Python312\Lib\site-packages\requests\sessions.py", line 703, in send
    r = adapter.send(request, **kwargs)
        ^^^^^^^^^^^^^^^^^^^^^^^^^^^^^^^
  File "D:\ProgramFiles\Python\Python312\Lib\site-packages\requests\adapters.py", line 501, in send
    raise ConnectionError(err, request=request)
requests.exceptions.ConnectionError: ('Connection aborted.', ConnectionResetError(10054, '', None, 10054, None))

During handling of the above exception, another exception occurred:

Traceback (most recent call last):
  File "D:\ProgramFiles\Python\Python312\Lib\site-packages\wandb\sdk\lib\retry.py", line 131, in __call__
    result = self._call_fn(*args, **kwargs)
             ^^^^^^^^^^^^^^^^^^^^^^^^^^^^^^
  File "D:\ProgramFiles\Python\Python312\Lib\site-packages\wandb\sdk\internal\internal_api.py", line 2791, in upload_file
    raise _e.with_traceback(sys.exc_info()[2])
  File "D:\ProgramFiles\Python\Python312\Lib\site-packages\wandb\sdk\internal\internal_api.py", line 2760, in upload_file
    response = self._upload_file_session.put(
               ^^^^^^^^^^^^^^^^^^^^^^^^^^^^^^
  File "D:\ProgramFiles\Python\Python312\Lib\site-packages\requests\sessions.py", line 649, in put
    return self.request("PUT", url, data=data, **kwargs)
           ^^^^^^^^^^^^^^^^^^^^^^^^^^^^^^^^^^^^^^^^^^^^^
  File "D:\ProgramFiles\Python\Python312\Lib\site-packages\requests\sessions.py", line 589, in request
    resp = self.send(prep, **send_kwargs)
           ^^^^^^^^^^^^^^^^^^^^^^^^^^^^^^
  File "D:\ProgramFiles\Python\Python312\Lib\site-packages\requests\sessions.py", line 703, in send
    r = adapter.send(request, **kwargs)
        ^^^^^^^^^^^^^^^^^^^^^^^^^^^^^^^
  File "D:\ProgramFiles\Python\Python312\Lib\site-packages\requests\adapters.py", line 501, in send
    raise ConnectionError(err, request=request)
wandb.sdk.lib.retry.TransientError: None
2024-04-27 11:10:05,147 DEBUG   HandlerThread:16052 [handler.py:handle_request():146] handle_request: keepalive
2024-04-27 11:10:05,246 INFO    wandb-upload_1:16052 [upload_job.py:push():89] Uploaded file C:\Users\50650\AppData\Local\Temp\tmp0gt00aav\wandb-job.json
2024-04-27 11:10:07,452 INFO    wandb-upload_0:16052 [upload_job.py:push():89] Uploaded file C:\Users\50650\AppData\Local\wandb\wandb\artifacts\staging\tmpc2w7f49b
2024-04-27 11:10:09,147 INFO    SenderThread:16052 [sender.py:send_artifact():1468] sent artifact job-https___github.com_LeverImmy_Introduction-to-Artificial-Intelligence.git_Classification_src_main.py - {'id': 'QXJ0aWZhY3Q6ODEyNDkwMTYw', 'state': 'PENDING', 'artifactSequence': {'id': 'QXJ0aWZhY3RDb2xsZWN0aW9uOjE2NzMwNTcwNQ==', 'latestArtifact': None}}
2024-04-27 11:10:09,147 DEBUG   SenderThread:16052 [sender.py:send_request():406] send_request: defer
2024-04-27 11:10:09,147 INFO    SenderThread:16052 [sender.py:send_request_defer():610] handle sender defer: 9
2024-04-27 11:10:09,147 DEBUG   HandlerThread:16052 [handler.py:handle_request():146] handle_request: status_report
2024-04-27 11:10:09,149 INFO    SenderThread:16052 [dir_watcher.py:finish():358] shutting down directory watcher
2024-04-27 11:10:09,229 INFO    SenderThread:16052 [dir_watcher.py:finish():388] scan: E:\Codes\Projects\Introduction-to-Artificial-Intelligence\Classification\src\wandb\run-20240427_105838-62cio6c3\files
2024-04-27 11:10:09,229 INFO    SenderThread:16052 [dir_watcher.py:finish():402] scan save: E:\Codes\Projects\Introduction-to-Artificial-Intelligence\Classification\src\wandb\run-20240427_105838-62cio6c3\files\config.yaml config.yaml
2024-04-27 11:10:09,229 INFO    SenderThread:16052 [dir_watcher.py:finish():402] scan save: E:\Codes\Projects\Introduction-to-Artificial-Intelligence\Classification\src\wandb\run-20240427_105838-62cio6c3\files\output.log output.log
2024-04-27 11:10:09,234 INFO    SenderThread:16052 [dir_watcher.py:finish():402] scan save: E:\Codes\Projects\Introduction-to-Artificial-Intelligence\Classification\src\wandb\run-20240427_105838-62cio6c3\files\requirements.txt requirements.txt
2024-04-27 11:10:09,240 INFO    SenderThread:16052 [dir_watcher.py:finish():402] scan save: E:\Codes\Projects\Introduction-to-Artificial-Intelligence\Classification\src\wandb\run-20240427_105838-62cio6c3\files\wandb-metadata.json wandb-metadata.json
2024-04-27 11:10:09,240 INFO    SenderThread:16052 [dir_watcher.py:finish():402] scan save: E:\Codes\Projects\Introduction-to-Artificial-Intelligence\Classification\src\wandb\run-20240427_105838-62cio6c3\files\wandb-summary.json wandb-summary.json
2024-04-27 11:10:09,241 INFO    SenderThread:16052 [sender.py:transition_state():614] send defer: 10
2024-04-27 11:10:09,243 DEBUG   SenderThread:16052 [sender.py:send_request():406] send_request: poll_exit
2024-04-27 11:10:09,244 DEBUG   HandlerThread:16052 [handler.py:handle_request():146] handle_request: defer
2024-04-27 11:10:09,244 INFO    HandlerThread:16052 [handler.py:handle_request_defer():172] handle defer: 10
2024-04-27 11:10:09,250 DEBUG   SenderThread:16052 [sender.py:send_request():406] send_request: defer
2024-04-27 11:10:09,251 INFO    SenderThread:16052 [sender.py:send_request_defer():610] handle sender defer: 10
2024-04-27 11:10:09,251 INFO    SenderThread:16052 [file_pusher.py:finish():172] shutting down file pusher
2024-04-27 11:10:09,963 INFO    wandb-upload_1:16052 [upload_job.py:push():131] Uploaded file E:\Codes\Projects\Introduction-to-Artificial-Intelligence\Classification\src\wandb\run-20240427_105838-62cio6c3\files\config.yaml
2024-04-27 11:10:10,223 DEBUG   HandlerThread:16052 [handler.py:handle_request():146] handle_request: keepalive
2024-04-27 11:10:10,223 DEBUG   HandlerThread:16052 [handler.py:handle_request():146] handle_request: poll_exit
2024-04-27 11:10:10,223 DEBUG   SenderThread:16052 [sender.py:send_request():406] send_request: poll_exit
2024-04-27 11:10:10,578 INFO    wandb-upload_3:16052 [upload_job.py:push():131] Uploaded file E:\Codes\Projects\Introduction-to-Artificial-Intelligence\Classification\src\wandb\run-20240427_105838-62cio6c3\files\wandb-summary.json
2024-04-27 11:10:11,234 DEBUG   HandlerThread:16052 [handler.py:handle_request():146] handle_request: poll_exit
2024-04-27 11:10:11,236 DEBUG   SenderThread:16052 [sender.py:send_request():406] send_request: poll_exit
2024-04-27 11:10:12,244 DEBUG   HandlerThread:16052 [handler.py:handle_request():146] handle_request: poll_exit
2024-04-27 11:10:12,244 DEBUG   SenderThread:16052 [sender.py:send_request():406] send_request: poll_exit
2024-04-27 11:10:13,254 DEBUG   HandlerThread:16052 [handler.py:handle_request():146] handle_request: poll_exit
2024-04-27 11:10:13,254 DEBUG   SenderThread:16052 [sender.py:send_request():406] send_request: poll_exit
2024-04-27 11:10:14,270 DEBUG   HandlerThread:16052 [handler.py:handle_request():146] handle_request: status_report
2024-04-27 11:10:14,270 DEBUG   HandlerThread:16052 [handler.py:handle_request():146] handle_request: poll_exit
2024-04-27 11:10:14,272 DEBUG   SenderThread:16052 [sender.py:send_request():406] send_request: poll_exit
2024-04-27 11:10:14,401 INFO    wandb-upload_2:16052 [upload_job.py:push():131] Uploaded file E:\Codes\Projects\Introduction-to-Artificial-Intelligence\Classification\src\wandb\run-20240427_105838-62cio6c3\files\requirements.txt
2024-04-27 11:10:15,272 DEBUG   HandlerThread:16052 [handler.py:handle_request():146] handle_request: poll_exit
2024-04-27 11:10:15,272 DEBUG   SenderThread:16052 [sender.py:send_request():406] send_request: poll_exit
2024-04-27 11:10:16,273 DEBUG   HandlerThread:16052 [handler.py:handle_request():146] handle_request: poll_exit
2024-04-27 11:10:16,275 DEBUG   SenderThread:16052 [sender.py:send_request():406] send_request: poll_exit
2024-04-27 11:10:16,602 INFO    wandb-upload_0:16052 [upload_job.py:push():131] Uploaded file E:\Codes\Projects\Introduction-to-Artificial-Intelligence\Classification\src\wandb\run-20240427_105838-62cio6c3\files\output.log
2024-04-27 11:10:16,816 INFO    Thread-15 (_thread_body):16052 [sender.py:transition_state():614] send defer: 11
2024-04-27 11:10:16,816 DEBUG   HandlerThread:16052 [handler.py:handle_request():146] handle_request: defer
2024-04-27 11:10:16,820 INFO    HandlerThread:16052 [handler.py:handle_request_defer():172] handle defer: 11
2024-04-27 11:10:16,820 DEBUG   SenderThread:16052 [sender.py:send_request():406] send_request: defer
2024-04-27 11:10:16,820 INFO    SenderThread:16052 [sender.py:send_request_defer():610] handle sender defer: 11
2024-04-27 11:10:16,820 INFO    SenderThread:16052 [file_pusher.py:join():178] waiting for file pusher
2024-04-27 11:10:16,820 INFO    SenderThread:16052 [sender.py:transition_state():614] send defer: 12
2024-04-27 11:10:16,820 DEBUG   HandlerThread:16052 [handler.py:handle_request():146] handle_request: defer
2024-04-27 11:10:16,820 INFO    HandlerThread:16052 [handler.py:handle_request_defer():172] handle defer: 12
2024-04-27 11:10:16,820 DEBUG   SenderThread:16052 [sender.py:send_request():406] send_request: defer
2024-04-27 11:10:16,820 INFO    SenderThread:16052 [sender.py:send_request_defer():610] handle sender defer: 12
2024-04-27 11:10:16,824 INFO    SenderThread:16052 [file_stream.py:finish():614] file stream finish called
2024-04-27 11:10:17,191 INFO    SenderThread:16052 [file_stream.py:finish():618] file stream finish is done
2024-04-27 11:10:17,193 INFO    SenderThread:16052 [sender.py:transition_state():614] send defer: 13
2024-04-27 11:10:17,193 DEBUG   HandlerThread:16052 [handler.py:handle_request():146] handle_request: defer
2024-04-27 11:10:17,193 INFO    HandlerThread:16052 [handler.py:handle_request_defer():172] handle defer: 13
2024-04-27 11:10:17,195 DEBUG   SenderThread:16052 [sender.py:send_request():406] send_request: defer
2024-04-27 11:10:17,195 INFO    SenderThread:16052 [sender.py:send_request_defer():610] handle sender defer: 13
2024-04-27 11:10:17,195 INFO    SenderThread:16052 [sender.py:transition_state():614] send defer: 14
2024-04-27 11:10:17,195 DEBUG   HandlerThread:16052 [handler.py:handle_request():146] handle_request: defer
2024-04-27 11:10:17,196 INFO    HandlerThread:16052 [handler.py:handle_request_defer():172] handle defer: 14
2024-04-27 11:10:17,196 DEBUG   SenderThread:16052 [sender.py:send():379] send: final
2024-04-27 11:10:17,196 DEBUG   SenderThread:16052 [sender.py:send():379] send: footer
2024-04-27 11:10:17,196 DEBUG   SenderThread:16052 [sender.py:send_request():406] send_request: defer
2024-04-27 11:10:17,196 INFO    SenderThread:16052 [sender.py:send_request_defer():610] handle sender defer: 14
2024-04-27 11:10:17,196 DEBUG   HandlerThread:16052 [handler.py:handle_request():146] handle_request: poll_exit
2024-04-27 11:10:17,205 DEBUG   SenderThread:16052 [sender.py:send_request():406] send_request: poll_exit
2024-04-27 11:10:17,205 DEBUG   HandlerThread:16052 [handler.py:handle_request():146] handle_request: poll_exit
2024-04-27 11:10:17,205 DEBUG   HandlerThread:16052 [handler.py:handle_request():146] handle_request: server_info
2024-04-27 11:10:17,205 DEBUG   HandlerThread:16052 [handler.py:handle_request():146] handle_request: get_summary
2024-04-27 11:10:17,205 DEBUG   HandlerThread:16052 [handler.py:handle_request():146] handle_request: sampled_history
2024-04-27 11:10:17,205 DEBUG   SenderThread:16052 [sender.py:send_request():406] send_request: poll_exit
2024-04-27 11:10:17,208 DEBUG   HandlerThread:16052 [handler.py:handle_request():146] handle_request: internal_messages
2024-04-27 11:10:17,210 DEBUG   SenderThread:16052 [sender.py:send_request():406] send_request: server_info
2024-04-27 11:10:17,460 INFO    MainThread:16052 [wandb_run.py:_footer_history_summary_info():3936] rendering history
2024-04-27 11:10:17,460 INFO    MainThread:16052 [wandb_run.py:_footer_history_summary_info():3968] rendering summary
2024-04-27 11:10:17,460 INFO    MainThread:16052 [wandb_run.py:_footer_sync_info():3895] logging synced files
2024-04-27 11:10:17,460 DEBUG   HandlerThread:16052 [handler.py:handle_request():146] handle_request: shutdown
2024-04-27 11:10:17,460 INFO    HandlerThread:16052 [handler.py:finish():866] shutting down handler
2024-04-27 11:10:18,214 INFO    WriterThread:16052 [datastore.py:close():296] close: E:\Codes\Projects\Introduction-to-Artificial-Intelligence\Classification\src\wandb\run-20240427_105838-62cio6c3\run-62cio6c3.wandb
2024-04-27 11:10:18,460 INFO    SenderThread:16052 [sender.py:finish():1546] shutting down sender
2024-04-27 11:10:18,460 INFO    SenderThread:16052 [file_pusher.py:finish():172] shutting down file pusher
2024-04-27 11:10:18,460 INFO    SenderThread:16052 [file_pusher.py:join():178] waiting for file pusher
